# JRE version: Java(TM) SE Runtime Environment (8.0_121-b13) (build 1.8.0_121-b13)
# Java VM: Java HotSpot(TM) 64-Bit Server VM (25.121-b13 mixed mode linux-amd64 compressed oops)
Heap:
 def new generation   total 314560K, used 37984K [0x00000000c0000000, 0x00000000d5550000, 0x00000000d5550000)
  eden space 279616K,   1% used [0x00000000c0000000, 0x00000000c02f83b8, 0x00000000d1110000)
  from space 34944K, 100% used [0x00000000d3330000, 0x00000000d5550000, 0x00000000d5550000)
  to   space 34944K,   0% used [0x00000000d1110000, 0x00000000d1110000, 0x00000000d3330000)
 tenured generation   total 699072K, used 167053K [0x00000000d5550000, 0x0000000100000000, 0x0000000100000000)
   the space 699072K,  23% used [0x00000000d5550000, 0x00000000df873700, 0x00000000df873800, 0x0000000100000000)
 Metaspace       used 103048K, capacity 103734K, committed 103808K, reserved 1134592K
  class space    used 18065K, capacity 18262K, committed 18304K, reserved 1048576K
GC Heap History (10 events):
Event: 2168.935 GC heap before
{Heap before GC invocations=23 (full 3):
 def new generation   total 314560K, used 301518K [0x00000000c0000000, 0x00000000d5550000, 0x00000000d5550000)
  eden space 279616K, 100% used [0x00000000c0000000, 0x00000000d1110000, 0x00000000d1110000)
  from space 34944K,  62% used [0x00000000d1110000, 0x00000000d2673af8, 0x00000000d3330000)
  to   space 34944K,   0% used [0x00000000d3330000, 0x00000000d3330000, 0x00000000d5550000)
 tenured generation   total 699072K, used 127243K [0x00000000d5550000, 0x0000000100000000, 0x0000000100000000)
   the space 699072K,  18% used [0x00000000d5550000, 0x00000000dd192e80, 0x00000000dd193000, 0x0000000100000000)
 Metaspace       used 78896K, capacity 79538K, committed 79744K, reserved 1116160K
  class space    used 13711K, capacity 13884K, committed 13952K, reserved 1048576K
Event: 2168.976 GC heap after
Heap after GC invocations=24 (full 3):
 def new generation   total 314560K, used 14955K [0x00000000c0000000, 0x00000000d5550000, 0x00000000d5550000)
  eden space 279616K,   0% used [0x00000000c0000000, 0x00000000c0000000, 0x00000000d1110000)
  from space 34944K,  42% used [0x00000000d3330000, 0x00000000d41caf48, 0x00000000d5550000)
  to   space 34944K,   0% used [0x00000000d1110000, 0x00000000d1110000, 0x00000000d3330000)
 tenured generation   total 699072K, used 134537K [0x00000000d5550000, 0x0000000100000000, 0x0000000100000000)
   the space 699072K,  19% used [0x00000000d5550000, 0x00000000dd8b2790, 0x00000000dd8b2800, 0x0000000100000000)
 Metaspace       used 78896K, capacity 79538K, committed 79744K, reserved 1116160K
  class space    used 13711K, capacity 13884K, committed 13952K, reserved 1048576K
}
Event: 2173.806 GC heap before
{Heap before GC invocations=24 (full 3):
 def new generation   total 314560K, used 294571K [0x00000000c0000000, 0x00000000d5550000, 0x00000000d5550000)
  eden space 279616K, 100% used [0x00000000c0000000, 0x00000000d1110000, 0x00000000d1110000)
  from space 34944K,  42% used [0x00000000d3330000, 0x00000000d41caf48, 0x00000000d5550000)
  to   space 34944K,   0% used [0x00000000d1110000, 0x00000000d1110000, 0x00000000d3330000)
 tenured generation   total 699072K, used 134537K [0x00000000d5550000, 0x0000000100000000, 0x0000000100000000)
   the space 699072K,  19% used [0x00000000d5550000, 0x00000000dd8b2790, 0x00000000dd8b2800, 0x0000000100000000)
 Metaspace       used 78900K, capacity 79538K, committed 79744K, reserved 1116160K
  class space    used 13711K, capacity 13884K, committed 13952K, reserved 1048576K
Event: 2173.836 GC heap after
Heap after GC invocations=25 (full 3):
 def new generation   total 314560K, used 14573K [0x00000000c0000000, 0x00000000d5550000, 0x00000000d5550000)
  eden space 279616K,   0% used [0x00000000c0000000, 0x00000000c0000000, 0x00000000d1110000)
  from space 34944K,  41% used [0x00000000d1110000, 0x00000000d1f4b640, 0x00000000d3330000)
  to   space 34944K,   0% used [0x00000000d3330000, 0x00000000d3330000, 0x00000000d5550000)
 tenured generation   total 699072K, used 134537K [0x00000000d5550000, 0x0000000100000000, 0x0000000100000000)
   the space 699072K,  19% used [0x00000000d5550000, 0x00000000dd8b2790, 0x00000000dd8b2800, 0x0000000100000000)
 Metaspace       used 78900K, capacity 79538K, committed 79744K, reserved 1116160K
  class space    used 13711K, capacity 13884K, committed 13952K, reserved 1048576K
}
Event: 2314.120 GC heap before
{Heap before GC invocations=25 (full 3):
 def new generation   total 314560K, used 294189K [0x00000000c0000000, 0x00000000d5550000, 0x00000000d5550000)
  eden space 279616K, 100% used [0x00000000c0000000, 0x00000000d1110000, 0x00000000d1110000)
  from space 34944K,  41% used [0x00000000d1110000, 0x00000000d1f4b640, 0x00000000d3330000)
  to   space 34944K,   0% used [0x00000000d3330000, 0x00000000d3330000, 0x00000000d5550000)
 tenured generation   total 699072K, used 134537K [0x00000000d5550000, 0x0000000100000000, 0x0000000100000000)
   the space 699072K,  19% used [0x00000000d5550000, 0x00000000dd8b2790, 0x00000000dd8b2800, 0x0000000100000000)
 Metaspace       used 78915K, capacity 79538K, committed 79744K, reserved 1116160K
  class space    used 13712K, capacity 13884K, committed 13952K, reserved 1048576K
Event: 2314.145 GC heap after
Heap after GC invocations=26 (full 3):
 def new generation   total 314560K, used 17417K [0x00000000c0000000, 0x00000000d5550000, 0x00000000d5550000)
  eden space 279616K,   0% used [0x00000000c0000000, 0x00000000c0000000, 0x00000000d1110000)
  from space 34944K,  49% used [0x00000000d3330000, 0x00000000d4432490, 0x00000000d5550000)
  to   space 34944K,   0% used [0x00000000d1110000, 0x00000000d1110000, 0x00000000d3330000)
 tenured generation   total 699072K, used 134537K [0x00000000d5550000, 0x0000000100000000, 0x0000000100000000)
   the space 699072K,  19% used [0x00000000d5550000, 0x00000000dd8b2790, 0x00000000dd8b2800, 0x0000000100000000)
 Metaspace       used 78915K, capacity 79538K, committed 79744K, reserved 1116160K
  class space    used 13712K, capacity 13884K, committed 13952K, reserved 1048576K
}
Event: 2443.011 GC heap before
{Heap before GC invocations=26 (full 3):
 def new generation   total 314560K, used 297033K [0x00000000c0000000, 0x00000000d5550000, 0x00000000d5550000)
  eden space 279616K, 100% used [0x00000000c0000000, 0x00000000d1110000, 0x00000000d1110000)
  from space 34944K,  49% used [0x00000000d3330000, 0x00000000d4432490, 0x00000000d5550000)
  to   space 34944K,   0% used [0x00000000d1110000, 0x00000000d1110000, 0x00000000d3330000)
 tenured generation   total 699072K, used 134537K [0x00000000d5550000, 0x0000000100000000, 0x0000000100000000)
   the space 699072K,  19% used [0x00000000d5550000, 0x00000000dd8b2790, 0x00000000dd8b2800, 0x0000000100000000)
 Metaspace       used 80078K, capacity 80706K, committed 81024K, reserved 1116160K
  class space    used 13931K, capacity 14124K, committed 14208K, reserved 1048576K
Event: 2443.159 GC heap after
Heap after GC invocations=27 (full 3):
 def new generation   total 314560K, used 20740K [0x00000000c0000000, 0x00000000d5550000, 0x00000000d5550000)
  eden space 279616K,   0% used [0x00000000c0000000, 0x00000000c0000000, 0x00000000d1110000)
  from space 34944K,  59% used [0x00000000d1110000, 0x00000000d2551350, 0x00000000d3330000)
  to   space 34944K,   0% used [0x00000000d3330000, 0x00000000d3330000, 0x00000000d5550000)
 tenured generation   total 699072K, used 134537K [0x00000000d5550000, 0x0000000100000000, 0x0000000100000000)
   the space 699072K,  19% used [0x00000000d5550000, 0x00000000dd8b2790, 0x00000000dd8b2800, 0x0000000100000000)
 Metaspace       used 80078K, capacity 80706K, committed 81024K, reserved 1116160K
  class space    used 13931K, capacity 14124K, committed 14208K, reserved 1048576K
}
Event: 2486.554 GC heap before
{Heap before GC invocations=27 (full 3):
 def new generation   total 314560K, used 300356K [0x00000000c0000000, 0x00000000d5550000, 0x00000000d5550000)
  eden space 279616K, 100% used [0x00000000c0000000, 0x00000000d1110000, 0x00000000d1110000)
  from space 34944K,  59% used [0x00000000d1110000, 0x00000000d2551350, 0x00000000d3330000)
  to   space 34944K,   0% used [0x00000000d3330000, 0x00000000d3330000, 0x00000000d5550000)
 tenured generation   total 699072K, used 134537K [0x00000000d5550000, 0x0000000100000000, 0x0000000100000000)
   the space 699072K,  19% used [0x00000000d5550000, 0x00000000dd8b2790, 0x00000000dd8b2800, 0x0000000100000000)
 Metaspace       used 102827K, capacity 103510K, committed 103808K, reserved 1134592K
  class space    used 18039K, capacity 18230K, committed 18304K, reserved 1048576K
Event: 2487.439 GC heap after
Heap after GC invocations=28 (full 3):
 def new generation   total 314560K, used 34944K [0x00000000c0000000, 0x00000000d5550000, 0x00000000d5550000)
  eden space 279616K,   0% used [0x00000000c0000000, 0x00000000c0000000, 0x00000000d1110000)
  from space 34944K, 100% used [0x00000000d3330000, 0x00000000d5550000, 0x00000000d5550000)
  to   space 34944K,   0% used [0x00000000d1110000, 0x00000000d1110000, 0x00000000d3330000)
 tenured generation   total 699072K, used 167053K [0x00000000d5550000, 0x0000000100000000, 0x0000000100000000)
   the space 699072K,  23% used [0x00000000d5550000, 0x00000000df873700, 0x00000000df873800, 0x0000000100000000)
 Metaspace       used 102827K, capacity 103510K, committed 103808K, reserved 1134592K
  class space    used 18039K, capacity 18230K, committed 18304K, reserved 1048576K
}

